<?xml version="1.0" encoding="UTF-8"?>
<!-- Generated by org.testng.reporters.JUnitXMLReporter -->
<testsuite ignored="12" hostname="RockOil" failures="0" tests="4" name="Test" time="60.612" errors="0" timestamp="2021-04-30T22:05:57 CDT">
  <testcase classname="com.qa.orangeHRM.testcases.LoginTest" name="VerifyLoginFunctionality" time="20.476"/>
  <testcase classname="com.qa.orangeHRM.testcases.AddingJobTitleTest" name="VerifyAddingJobTitle" time="8.926"/>
  <testcase classname="com.qa.orangeHRM.testcases.AddingPayGrades" name="addingpayGrades" time="7.554"/>
  <testcase classname="com.qa.orangeHRM.testcases.EmpFileUpload" name="EmpFileUpload" time="7.757"/>
  <testcase classname="com.qa.orangeHRM.common.base" name="@BeforeSuite beforeSuite" time="0.0">
    <ignored/>
  </testcase> <!-- @BeforeSuite beforeSuite -->
  <testcase classname="com.qa.orangeHRM.common.base" name="@BeforeSuite beforeSuite" time="0.0">
    <ignored/>
  </testcase> <!-- @BeforeSuite beforeSuite -->
  <testcase classname="com.qa.orangeHRM.common.base" name="@BeforeSuite beforeSuite" time="0.0">
    <ignored/>
  </testcase> <!-- @BeforeSuite beforeSuite -->
  <testcase classname="com.qa.orangeHRM.common.base" name="@BeforeTest beforeTest" time="0.0">
    <ignored/>
  </testcase> <!-- @BeforeTest beforeTest -->
  <testcase classname="com.qa.orangeHRM.common.base" name="@BeforeTest beforeTest" time="0.0">
    <ignored/>
  </testcase> <!-- @BeforeTest beforeTest -->
  <testcase classname="com.qa.orangeHRM.common.base" name="@BeforeTest beforeTest" time="0.0">
    <ignored/>
  </testcase> <!-- @BeforeTest beforeTest -->
  <testcase classname="com.qa.orangeHRM.common.base" name="@AfterTest afterTest" time="0.0">
    <ignored/>
  </testcase> <!-- @AfterTest afterTest -->
  <testcase classname="com.qa.orangeHRM.common.base" name="@AfterTest afterTest" time="0.0">
    <ignored/>
  </testcase> <!-- @AfterTest afterTest -->
  <testcase classname="com.qa.orangeHRM.common.base" name="@AfterTest afterTest" time="0.0">
    <ignored/>
  </testcase> <!-- @AfterTest afterTest -->
  <testcase classname="com.qa.orangeHRM.common.base" name="@AfterSuite afterSuite" time="0.0">
    <ignored/>
  </testcase> <!-- @AfterSuite afterSuite -->
  <testcase classname="com.qa.orangeHRM.common.base" name="@AfterSuite afterSuite" time="0.0">
    <ignored/>
  </testcase> <!-- @AfterSuite afterSuite -->
  <testcase classname="com.qa.orangeHRM.common.base" name="@AfterSuite afterSuite" time="0.0">
    <ignored/>
  </testcase> <!-- @AfterSuite afterSuite -->
</testsuite> <!-- Test -->
