<?xml version="1.0" encoding="UTF-8"?>
<!-- Generated by org.testng.reporters.JUnitXMLReporter -->
<testsuite ignored="8" hostname="RockOil" failures="0" tests="3" name="Test" time="27.645" errors="0" timestamp="2021-05-01T13:57:43 CDT">
  <testcase classname="com.qa.orangeHRM.testcases.LoginTest" name="VerifyLoginFunctionality" time="1.787"/>
  <testcase classname="com.qa.orangeHRM.testcases.AddingJobTitleTest" name="VerifyAddingJobTitle" time="7.042"/>
  <testcase classname="com.qa.orangeHRM.testcases.AddingPayGrades" name="addingpayGrades" time="6.952"/>
  <testcase classname="com.qa.orangeHRM.common.base" name="@BeforeSuite beforeSuite" time="0.0">
    <ignored/>
  </testcase> <!-- @BeforeSuite beforeSuite -->
  <testcase classname="com.qa.orangeHRM.common.base" name="@BeforeSuite beforeSuite" time="0.0">
    <ignored/>
  </testcase> <!-- @BeforeSuite beforeSuite -->
  <testcase classname="com.qa.orangeHRM.common.base" name="@BeforeTest beforeTest" time="0.0">
    <ignored/>
  </testcase> <!-- @BeforeTest beforeTest -->
  <testcase classname="com.qa.orangeHRM.common.base" name="@BeforeTest beforeTest" time="0.0">
    <ignored/>
  </testcase> <!-- @BeforeTest beforeTest -->
  <testcase classname="com.qa.orangeHRM.common.base" name="@AfterTest afterTest" time="0.0">
    <ignored/>
  </testcase> <!-- @AfterTest afterTest -->
  <testcase classname="com.qa.orangeHRM.common.base" name="@AfterTest afterTest" time="0.0">
    <ignored/>
  </testcase> <!-- @AfterTest afterTest -->
  <testcase classname="com.qa.orangeHRM.common.base" name="@AfterSuite afterSuite" time="0.0">
    <ignored/>
  </testcase> <!-- @AfterSuite afterSuite -->
  <testcase classname="com.qa.orangeHRM.common.base" name="@AfterSuite afterSuite" time="0.0">
    <ignored/>
  </testcase> <!-- @AfterSuite afterSuite -->
</testsuite> <!-- Test -->
