<?xml version="1.0" encoding="UTF-8"?>
<testng-results ignored="12" total="16" passed="4" failed="0" skipped="0">
  <reporter-output>
  </reporter-output>
  <suite started-at="2021-04-30T22:04:57 CDT" name="Suite" finished-at="2021-04-30T22:05:57 CDT" duration-ms="60612">
    <groups>
    </groups>
    <test started-at="2021-04-30T22:04:57 CDT" name="Test" finished-at="2021-04-30T22:05:57 CDT" duration-ms="60612">
      <class name="com.qa.orangeHRM.testcases.AddingJobTitleTest">
        <test-method is-config="true" signature="beforeClass()[pri:0, instance:com.qa.orangeHRM.testcases.AddingJobTitleTest@78fb9a67]" started-at="2021-04-30T22:05:23 CDT" name="beforeClass" finished-at="2021-04-30T22:05:23 CDT" duration-ms="0" status="PASS">
          <reporter-output>
          </reporter-output>
        </test-method> <!-- beforeClass -->
        <test-method is-config="true" signature="beforeMethod(java.lang.String,java.lang.reflect.Method)[pri:0, instance:com.qa.orangeHRM.testcases.AddingJobTitleTest@78fb9a67]" started-at="2021-04-30T22:05:23 CDT" name="beforeMethod" finished-at="2021-04-30T22:05:25 CDT" duration-ms="2736" status="PASS">
          <params>
            <param index="0">
              <value>
                <![CDATA[Chrome]]>
              </value>
            </param>
            <param index="1">
              <value>
                <![CDATA[public void com.qa.orangeHRM.testcases.AddingJobTitleTest.VerifyAddingJobTitle() throws java.io.IOException]]>
              </value>
            </param>
          </params>
          <reporter-output>
          </reporter-output>
        </test-method> <!-- beforeMethod -->
        <test-method signature="VerifyAddingJobTitle()[pri:0, instance:com.qa.orangeHRM.testcases.AddingJobTitleTest@78fb9a67]" started-at="2021-04-30T22:05:25 CDT" name="VerifyAddingJobTitle" finished-at="2021-04-30T22:05:34 CDT" duration-ms="8926" status="PASS">
          <reporter-output>
          </reporter-output>
        </test-method> <!-- VerifyAddingJobTitle -->
        <test-method is-config="true" signature="afterMethod()[pri:0, instance:com.qa.orangeHRM.testcases.AddingJobTitleTest@78fb9a67]" started-at="2021-04-30T22:05:34 CDT" name="afterMethod" finished-at="2021-04-30T22:05:36 CDT" duration-ms="1352" status="PASS">
          <reporter-output>
          </reporter-output>
        </test-method> <!-- afterMethod -->
        <test-method is-config="true" signature="afterClass()[pri:0, instance:com.qa.orangeHRM.testcases.AddingJobTitleTest@78fb9a67]" started-at="2021-04-30T22:05:36 CDT" name="afterClass" finished-at="2021-04-30T22:05:36 CDT" duration-ms="0" status="PASS">
          <reporter-output>
          </reporter-output>
        </test-method> <!-- afterClass -->
      </class> <!-- com.qa.orangeHRM.testcases.AddingJobTitleTest -->
      <class name="com.qa.orangeHRM.testcases.AddingPayGrades">
        <test-method is-config="true" signature="beforeMethod(java.lang.String,java.lang.reflect.Method)[pri:0, instance:com.qa.orangeHRM.testcases.AddingPayGrades@73ff4fae]" started-at="2021-04-30T22:05:36 CDT" name="beforeMethod" finished-at="2021-04-30T22:05:38 CDT" duration-ms="2304" status="PASS">
          <params>
            <param index="0">
              <value>
                <![CDATA[Chrome]]>
              </value>
            </param>
            <param index="1">
              <value>
                <![CDATA[public void com.qa.orangeHRM.testcases.AddingPayGrades.addingpayGrades()]]>
              </value>
            </param>
          </params>
          <reporter-output>
          </reporter-output>
        </test-method> <!-- beforeMethod -->
        <test-method is-config="true" signature="beforeClass()[pri:0, instance:com.qa.orangeHRM.testcases.AddingPayGrades@73ff4fae]" started-at="2021-04-30T22:05:36 CDT" name="beforeClass" finished-at="2021-04-30T22:05:36 CDT" duration-ms="0" status="PASS">
          <reporter-output>
          </reporter-output>
        </test-method> <!-- beforeClass -->
        <test-method signature="addingpayGrades()[pri:0, instance:com.qa.orangeHRM.testcases.AddingPayGrades@73ff4fae]" started-at="2021-04-30T22:05:38 CDT" name="addingpayGrades" finished-at="2021-04-30T22:05:46 CDT" duration-ms="7554" status="PASS">
          <reporter-output>
          </reporter-output>
        </test-method> <!-- addingpayGrades -->
        <test-method is-config="true" signature="afterMethod()[pri:0, instance:com.qa.orangeHRM.testcases.AddingPayGrades@73ff4fae]" started-at="2021-04-30T22:05:46 CDT" name="afterMethod" finished-at="2021-04-30T22:05:46 CDT" duration-ms="746" status="PASS">
          <reporter-output>
          </reporter-output>
        </test-method> <!-- afterMethod -->
        <test-method is-config="true" signature="afterClass()[pri:0, instance:com.qa.orangeHRM.testcases.AddingPayGrades@73ff4fae]" started-at="2021-04-30T22:05:46 CDT" name="afterClass" finished-at="2021-04-30T22:05:46 CDT" duration-ms="0" status="PASS">
          <reporter-output>
          </reporter-output>
        </test-method> <!-- afterClass -->
      </class> <!-- com.qa.orangeHRM.testcases.AddingPayGrades -->
      <class name="com.qa.orangeHRM.testcases.LoginTest">
        <test-method is-config="true" signature="beforeSuite()[pri:0, instance:com.qa.orangeHRM.testcases.LoginTest@40e10ff8]" started-at="2021-04-30T22:04:56 CDT" name="beforeSuite" finished-at="2021-04-30T22:04:57 CDT" duration-ms="183" status="PASS">
          <reporter-output>
          </reporter-output>
        </test-method> <!-- beforeSuite -->
        <test-method is-config="true" signature="beforeTest()[pri:0, instance:com.qa.orangeHRM.testcases.LoginTest@40e10ff8]" started-at="2021-04-30T22:04:57 CDT" name="beforeTest" finished-at="2021-04-30T22:04:57 CDT" duration-ms="0" status="PASS">
          <reporter-output>
          </reporter-output>
        </test-method> <!-- beforeTest -->
        <test-method is-config="true" signature="beforeClass()[pri:0, instance:com.qa.orangeHRM.testcases.LoginTest@40e10ff8]" started-at="2021-04-30T22:04:57 CDT" name="beforeClass" finished-at="2021-04-30T22:04:57 CDT" duration-ms="0" status="PASS">
          <reporter-output>
          </reporter-output>
        </test-method> <!-- beforeClass -->
        <test-method is-config="true" signature="beforeMethod(java.lang.String,java.lang.reflect.Method)[pri:0, instance:com.qa.orangeHRM.testcases.LoginTest@40e10ff8]" started-at="2021-04-30T22:04:57 CDT" name="beforeMethod" finished-at="2021-04-30T22:05:01 CDT" duration-ms="4740" status="PASS">
          <params>
            <param index="0">
              <value>
                <![CDATA[Chrome]]>
              </value>
            </param>
            <param index="1">
              <value>
                <![CDATA[public void com.qa.orangeHRM.testcases.LoginTest.VerifyLoginFunctionality() throws java.io.IOException]]>
              </value>
            </param>
          </params>
          <reporter-output>
          </reporter-output>
        </test-method> <!-- beforeMethod -->
        <test-method signature="VerifyLoginFunctionality()[pri:0, instance:com.qa.orangeHRM.testcases.LoginTest@40e10ff8]" started-at="2021-04-30T22:05:01 CDT" name="VerifyLoginFunctionality" finished-at="2021-04-30T22:05:22 CDT" duration-ms="20476" status="PASS">
          <reporter-output>
          </reporter-output>
        </test-method> <!-- VerifyLoginFunctionality -->
        <test-method is-config="true" signature="afterMethod()[pri:0, instance:com.qa.orangeHRM.testcases.LoginTest@40e10ff8]" started-at="2021-04-30T22:05:22 CDT" name="afterMethod" finished-at="2021-04-30T22:05:23 CDT" duration-ms="756" status="PASS">
          <reporter-output>
          </reporter-output>
        </test-method> <!-- afterMethod -->
        <test-method is-config="true" signature="afterClass()[pri:0, instance:com.qa.orangeHRM.testcases.LoginTest@40e10ff8]" started-at="2021-04-30T22:05:23 CDT" name="afterClass" finished-at="2021-04-30T22:05:23 CDT" duration-ms="0" status="PASS">
          <reporter-output>
          </reporter-output>
        </test-method> <!-- afterClass -->
        <test-method is-config="true" signature="afterTest()[pri:0, instance:com.qa.orangeHRM.testcases.LoginTest@40e10ff8]" started-at="2021-04-30T22:05:57 CDT" name="afterTest" finished-at="2021-04-30T22:05:57 CDT" duration-ms="0" status="PASS">
          <reporter-output>
          </reporter-output>
        </test-method> <!-- afterTest -->
        <test-method is-config="true" signature="afterSuite()[pri:0, instance:com.qa.orangeHRM.testcases.LoginTest@40e10ff8]" started-at="2021-04-30T22:05:57 CDT" name="afterSuite" finished-at="2021-04-30T22:05:58 CDT" duration-ms="276" status="PASS">
          <reporter-output>
          </reporter-output>
        </test-method> <!-- afterSuite -->
      </class> <!-- com.qa.orangeHRM.testcases.LoginTest -->
      <class name="com.qa.orangeHRM.testcases.EmpFileUpload">
        <test-method is-config="true" signature="beforeClass()[pri:0, instance:com.qa.orangeHRM.testcases.EmpFileUpload@21aa6d6c]" started-at="2021-04-30T22:05:46 CDT" name="beforeClass" finished-at="2021-04-30T22:05:46 CDT" duration-ms="0" status="PASS">
          <reporter-output>
          </reporter-output>
        </test-method> <!-- beforeClass -->
        <test-method is-config="true" signature="beforeMethod(java.lang.String,java.lang.reflect.Method)[pri:0, instance:com.qa.orangeHRM.testcases.EmpFileUpload@21aa6d6c]" started-at="2021-04-30T22:05:46 CDT" name="beforeMethod" finished-at="2021-04-30T22:05:49 CDT" duration-ms="2471" status="PASS">
          <params>
            <param index="0">
              <value>
                <![CDATA[Chrome]]>
              </value>
            </param>
            <param index="1">
              <value>
                <![CDATA[public void com.qa.orangeHRM.testcases.EmpFileUpload.EmpFileUpload()]]>
              </value>
            </param>
          </params>
          <reporter-output>
          </reporter-output>
        </test-method> <!-- beforeMethod -->
        <test-method signature="EmpFileUpload()[pri:0, instance:com.qa.orangeHRM.testcases.EmpFileUpload@21aa6d6c]" started-at="2021-04-30T22:05:49 CDT" name="EmpFileUpload" finished-at="2021-04-30T22:05:57 CDT" duration-ms="7757" status="PASS">
          <reporter-output>
          </reporter-output>
        </test-method> <!-- EmpFileUpload -->
        <test-method is-config="true" signature="afterMethod()[pri:0, instance:com.qa.orangeHRM.testcases.EmpFileUpload@21aa6d6c]" started-at="2021-04-30T22:05:57 CDT" name="afterMethod" finished-at="2021-04-30T22:05:57 CDT" duration-ms="731" status="PASS">
          <reporter-output>
          </reporter-output>
        </test-method> <!-- afterMethod -->
        <test-method is-config="true" signature="afterClass()[pri:0, instance:com.qa.orangeHRM.testcases.EmpFileUpload@21aa6d6c]" started-at="2021-04-30T22:05:57 CDT" name="afterClass" finished-at="2021-04-30T22:05:57 CDT" duration-ms="0" status="PASS">
          <reporter-output>
          </reporter-output>
        </test-method> <!-- afterClass -->
      </class> <!-- com.qa.orangeHRM.testcases.EmpFileUpload -->
    </test> <!-- Test -->
  </suite> <!-- Suite -->
</testng-results>
