<?xml version="1.0" encoding="UTF-8"?>
<testng-results ignored="12" total="16" passed="4" failed="0" skipped="0">
  <reporter-output>
  </reporter-output>
  <suite started-at="2021-04-30T18:35:23 CDT" name="Suite" finished-at="2021-04-30T18:35:56 CDT" duration-ms="33285">
    <groups>
    </groups>
    <test started-at="2021-04-30T18:35:23 CDT" name="Test" finished-at="2021-04-30T18:35:56 CDT" duration-ms="33285">
      <class name="com.qa.orangeHRM.testcases.AddingJobTitleTest">
        <test-method is-config="true" signature="beforeClass()[pri:0, instance:com.qa.orangeHRM.testcases.AddingJobTitleTest@78fb9a67]" started-at="2021-04-30T18:35:29 CDT" name="beforeClass" finished-at="2021-04-30T18:35:29 CDT" duration-ms="0" status="PASS">
          <reporter-output>
          </reporter-output>
        </test-method> <!-- beforeClass -->
        <test-method is-config="true" signature="beforeMethod(java.lang.String,java.lang.reflect.Method)[pri:0, instance:com.qa.orangeHRM.testcases.AddingJobTitleTest@78fb9a67]" started-at="2021-04-30T18:35:29 CDT" name="beforeMethod" finished-at="2021-04-30T18:35:31 CDT" duration-ms="2120" status="PASS">
          <params>
            <param index="0">
              <value>
                <![CDATA[Chrome]]>
              </value>
            </param>
            <param index="1">
              <value>
                <![CDATA[public void com.qa.orangeHRM.testcases.AddingJobTitleTest.VerifyAddingJobTitle() throws java.io.IOException]]>
              </value>
            </param>
          </params>
          <reporter-output>
          </reporter-output>
        </test-method> <!-- beforeMethod -->
        <test-method signature="VerifyAddingJobTitle()[pri:0, instance:com.qa.orangeHRM.testcases.AddingJobTitleTest@78fb9a67]" started-at="2021-04-30T18:35:31 CDT" name="VerifyAddingJobTitle" finished-at="2021-04-30T18:35:37 CDT" duration-ms="6632" status="PASS">
          <reporter-output>
          </reporter-output>
        </test-method> <!-- VerifyAddingJobTitle -->
        <test-method is-config="true" signature="afterMethod()[pri:0, instance:com.qa.orangeHRM.testcases.AddingJobTitleTest@78fb9a67]" started-at="2021-04-30T18:35:37 CDT" name="afterMethod" finished-at="2021-04-30T18:35:38 CDT" duration-ms="636" status="PASS">
          <reporter-output>
          </reporter-output>
        </test-method> <!-- afterMethod -->
        <test-method is-config="true" signature="afterClass()[pri:0, instance:com.qa.orangeHRM.testcases.AddingJobTitleTest@78fb9a67]" started-at="2021-04-30T18:35:38 CDT" name="afterClass" finished-at="2021-04-30T18:35:38 CDT" duration-ms="0" status="PASS">
          <reporter-output>
          </reporter-output>
        </test-method> <!-- afterClass -->
      </class> <!-- com.qa.orangeHRM.testcases.AddingJobTitleTest -->
      <class name="com.qa.orangeHRM.testcases.AddingPayGrades">
        <test-method is-config="true" signature="beforeClass()[pri:0, instance:com.qa.orangeHRM.testcases.AddingPayGrades@73ff4fae]" started-at="2021-04-30T18:35:38 CDT" name="beforeClass" finished-at="2021-04-30T18:35:38 CDT" duration-ms="0" status="PASS">
          <reporter-output>
          </reporter-output>
        </test-method> <!-- beforeClass -->
        <test-method is-config="true" signature="beforeMethod(java.lang.String,java.lang.reflect.Method)[pri:0, instance:com.qa.orangeHRM.testcases.AddingPayGrades@73ff4fae]" started-at="2021-04-30T18:35:38 CDT" name="beforeMethod" finished-at="2021-04-30T18:35:40 CDT" duration-ms="1992" status="PASS">
          <params>
            <param index="0">
              <value>
                <![CDATA[Chrome]]>
              </value>
            </param>
            <param index="1">
              <value>
                <![CDATA[public void com.qa.orangeHRM.testcases.AddingPayGrades.addingpayGrades()]]>
              </value>
            </param>
          </params>
          <reporter-output>
          </reporter-output>
        </test-method> <!-- beforeMethod -->
        <test-method signature="addingpayGrades()[pri:0, instance:com.qa.orangeHRM.testcases.AddingPayGrades@73ff4fae]" started-at="2021-04-30T18:35:40 CDT" name="addingpayGrades" finished-at="2021-04-30T18:35:46 CDT" duration-ms="6437" status="PASS">
          <reporter-output>
          </reporter-output>
        </test-method> <!-- addingpayGrades -->
        <test-method is-config="true" signature="afterMethod()[pri:0, instance:com.qa.orangeHRM.testcases.AddingPayGrades@73ff4fae]" started-at="2021-04-30T18:35:46 CDT" name="afterMethod" finished-at="2021-04-30T18:35:47 CDT" duration-ms="723" status="PASS">
          <reporter-output>
          </reporter-output>
        </test-method> <!-- afterMethod -->
        <test-method is-config="true" signature="afterClass()[pri:0, instance:com.qa.orangeHRM.testcases.AddingPayGrades@73ff4fae]" started-at="2021-04-30T18:35:47 CDT" name="afterClass" finished-at="2021-04-30T18:35:47 CDT" duration-ms="0" status="PASS">
          <reporter-output>
          </reporter-output>
        </test-method> <!-- afterClass -->
      </class> <!-- com.qa.orangeHRM.testcases.AddingPayGrades -->
      <class name="com.qa.orangeHRM.testcases.LoginTest">
        <test-method is-config="true" signature="beforeSuite()[pri:0, instance:com.qa.orangeHRM.testcases.LoginTest@40e10ff8]" started-at="2021-04-30T18:35:23 CDT" name="beforeSuite" finished-at="2021-04-30T18:35:23 CDT" duration-ms="109" status="PASS">
          <reporter-output>
          </reporter-output>
        </test-method> <!-- beforeSuite -->
        <test-method is-config="true" signature="beforeTest()[pri:0, instance:com.qa.orangeHRM.testcases.LoginTest@40e10ff8]" started-at="2021-04-30T18:35:23 CDT" name="beforeTest" finished-at="2021-04-30T18:35:23 CDT" duration-ms="0" status="PASS">
          <reporter-output>
          </reporter-output>
        </test-method> <!-- beforeTest -->
        <test-method is-config="true" signature="beforeClass()[pri:0, instance:com.qa.orangeHRM.testcases.LoginTest@40e10ff8]" started-at="2021-04-30T18:35:23 CDT" name="beforeClass" finished-at="2021-04-30T18:35:23 CDT" duration-ms="0" status="PASS">
          <reporter-output>
          </reporter-output>
        </test-method> <!-- beforeClass -->
        <test-method is-config="true" signature="beforeMethod(java.lang.String,java.lang.reflect.Method)[pri:0, instance:com.qa.orangeHRM.testcases.LoginTest@40e10ff8]" started-at="2021-04-30T18:35:23 CDT" name="beforeMethod" finished-at="2021-04-30T18:35:26 CDT" duration-ms="3129" status="PASS">
          <params>
            <param index="0">
              <value>
                <![CDATA[Chrome]]>
              </value>
            </param>
            <param index="1">
              <value>
                <![CDATA[public void com.qa.orangeHRM.testcases.LoginTest.VerifyLoginFunctionality() throws java.io.IOException]]>
              </value>
            </param>
          </params>
          <reporter-output>
          </reporter-output>
        </test-method> <!-- beforeMethod -->
        <test-method signature="VerifyLoginFunctionality()[pri:0, instance:com.qa.orangeHRM.testcases.LoginTest@40e10ff8]" started-at="2021-04-30T18:35:26 CDT" name="VerifyLoginFunctionality" finished-at="2021-04-30T18:35:28 CDT" duration-ms="1714" status="PASS">
          <reporter-output>
          </reporter-output>
        </test-method> <!-- VerifyLoginFunctionality -->
        <test-method is-config="true" signature="afterMethod()[pri:0, instance:com.qa.orangeHRM.testcases.LoginTest@40e10ff8]" started-at="2021-04-30T18:35:28 CDT" name="afterMethod" finished-at="2021-04-30T18:35:29 CDT" duration-ms="627" status="PASS">
          <reporter-output>
          </reporter-output>
        </test-method> <!-- afterMethod -->
        <test-method is-config="true" signature="afterClass()[pri:0, instance:com.qa.orangeHRM.testcases.LoginTest@40e10ff8]" started-at="2021-04-30T18:35:29 CDT" name="afterClass" finished-at="2021-04-30T18:35:29 CDT" duration-ms="0" status="PASS">
          <reporter-output>
          </reporter-output>
        </test-method> <!-- afterClass -->
        <test-method is-config="true" signature="afterTest()[pri:0, instance:com.qa.orangeHRM.testcases.LoginTest@40e10ff8]" started-at="2021-04-30T18:35:56 CDT" name="afterTest" finished-at="2021-04-30T18:35:56 CDT" duration-ms="1" status="PASS">
          <reporter-output>
          </reporter-output>
        </test-method> <!-- afterTest -->
        <test-method is-config="true" signature="afterSuite()[pri:0, instance:com.qa.orangeHRM.testcases.LoginTest@40e10ff8]" started-at="2021-04-30T18:35:56 CDT" name="afterSuite" finished-at="2021-04-30T18:35:57 CDT" duration-ms="183" status="PASS">
          <reporter-output>
          </reporter-output>
        </test-method> <!-- afterSuite -->
      </class> <!-- com.qa.orangeHRM.testcases.LoginTest -->
      <class name="com.qa.orangeHRM.testcases.EmpFileUpload">
        <test-method is-config="true" signature="beforeClass()[pri:0, instance:com.qa.orangeHRM.testcases.EmpFileUpload@21aa6d6c]" started-at="2021-04-30T18:35:47 CDT" name="beforeClass" finished-at="2021-04-30T18:35:47 CDT" duration-ms="0" status="PASS">
          <reporter-output>
          </reporter-output>
        </test-method> <!-- beforeClass -->
        <test-method is-config="true" signature="beforeMethod(java.lang.String,java.lang.reflect.Method)[pri:0, instance:com.qa.orangeHRM.testcases.EmpFileUpload@21aa6d6c]" started-at="2021-04-30T18:35:47 CDT" name="beforeMethod" finished-at="2021-04-30T18:35:49 CDT" duration-ms="2015" status="PASS">
          <params>
            <param index="0">
              <value>
                <![CDATA[Chrome]]>
              </value>
            </param>
            <param index="1">
              <value>
                <![CDATA[public void com.qa.orangeHRM.testcases.EmpFileUpload.EmpFileUpload()]]>
              </value>
            </param>
          </params>
          <reporter-output>
          </reporter-output>
        </test-method> <!-- beforeMethod -->
        <test-method signature="EmpFileUpload()[pri:0, instance:com.qa.orangeHRM.testcases.EmpFileUpload@21aa6d6c]" started-at="2021-04-30T18:35:49 CDT" name="EmpFileUpload" finished-at="2021-04-30T18:35:56 CDT" duration-ms="6593" status="PASS">
          <reporter-output>
          </reporter-output>
        </test-method> <!-- EmpFileUpload -->
        <test-method is-config="true" signature="afterMethod()[pri:0, instance:com.qa.orangeHRM.testcases.EmpFileUpload@21aa6d6c]" started-at="2021-04-30T18:35:56 CDT" name="afterMethod" finished-at="2021-04-30T18:35:56 CDT" duration-ms="624" status="PASS">
          <reporter-output>
          </reporter-output>
        </test-method> <!-- afterMethod -->
        <test-method is-config="true" signature="afterClass()[pri:0, instance:com.qa.orangeHRM.testcases.EmpFileUpload@21aa6d6c]" started-at="2021-04-30T18:35:56 CDT" name="afterClass" finished-at="2021-04-30T18:35:56 CDT" duration-ms="0" status="PASS">
          <reporter-output>
          </reporter-output>
        </test-method> <!-- afterClass -->
      </class> <!-- com.qa.orangeHRM.testcases.EmpFileUpload -->
    </test> <!-- Test -->
  </suite> <!-- Suite -->
</testng-results>
